<?xml version="1.0" encoding="UTF-8"?>
<!-- Generated by org.testng.reporters.JUnitReportReporter -->
<testsuite hostname="DESKTOP-52ODAGV" name="org.testing.TestScripts.TC1" tests="1" failures="0" timestamp="2 Jan 2022 18:26:13 GMT" time="2.490" errors="0">
  <testcase name="testcaseone" time="2.490" classname="org.testing.TestScripts.TC1"/>
</testsuite> <!-- org.testing.TestScripts.TC1 -->
