<?xml version="1.0" encoding="UTF-8"?>
<!-- Generated by org.testng.reporters.JUnitReportReporter -->
<testsuite hostname="DESKTOP-52ODAGV" name="org.testing.TestScripts.TC3" tests="1" failures="0" timestamp="2 Jan 2022 18:26:13 GMT" time="0.173" errors="0">
  <testcase name="testcasethree" time="0.173" classname="org.testing.TestScripts.TC3"/>
</testsuite> <!-- org.testing.TestScripts.TC3 -->
