<?xml version="1.0" encoding="UTF-8"?>
<!-- Generated by org.testng.reporters.JUnitReportReporter -->
<testsuite hostname="DESKTOP-52ODAGV" name="org.testing.TestScripts.TC2" tests="1" failures="0" timestamp="2 Jan 2022 18:26:13 GMT" time="0.165" errors="0">
  <testcase name="testcasetwo" time="0.165" classname="org.testing.TestScripts.TC2"/>
</testsuite> <!-- org.testing.TestScripts.TC2 -->
